<?xml version="1.0" encoding="UTF-8"?>
<!-- Generated by org.testng.reporters.JUnitReportReporter -->
<testsuite hostname="HIPUNL133672" failures="0" tests="1" name="GET" time="1.539" errors="0" timestamp="2022-05-30T18:45:05 IST" skipped="0">
  <testcase classname="GET" name="f2" time="1.539"/>
  <system-out/>
</testsuite> <!-- GET -->
